<?xml version="1.0" encoding="UTF-8"?>
<!-- Generated by org.testng.reporters.JUnitReportReporter -->
<testsuite hostname="DESKTOP-BOOS582" failures="0" tests="1" name="com.demoGlaze.DemoGlaze.PlaceOrder" time="37.533" errors="0" timestamp="2023-07-05T14:40:35 IST" skipped="0">
  <testcase classname="com.demoGlaze.DemoGlaze.PlaceOrder" name="placingOrderTest" time="37.533"/>
  <system-out/>
</testsuite> <!-- com.demoGlaze.DemoGlaze.PlaceOrder -->
