<?xml version="1.0" encoding="UTF-8"?>
<!-- Generated by org.testng.reporters.JUnitReportReporter -->
<testsuite hostname="DESKTOP-BOOS582" failures="0" tests="1" name="com.demoGlaze.DemoGlaze.LoginTest" time="15.209" errors="0" timestamp="2023-07-05T11:02:55 IST" skipped="0">
  <testcase classname="com.demoGlaze.DemoGlaze.LoginTest" name="signupTest" time="15.209"/>
  <system-out/>
</testsuite> <!-- com.demoGlaze.DemoGlaze.LoginTest -->
